# JRE version: OpenJDK Runtime Environment (8.0_212-b04) (build 1.8.0_212-release-1586-b04)
# Java VM: OpenJDK 64-Bit Server VM (25.212-b04 mixed mode windows-amd64 compressed oops)
Heap:
 PSYoungGen      total 225280K, used 172490K [0x00000000e0000000, 0x00000000efb80000, 0x0000000100000000)
  eden space 197120K, 79% used [0x00000000e0000000,0x00000000e988a7e8,0x00000000ec080000)
  from space 28160K, 57% used [0x00000000edc00000,0x00000000eebe8278,0x00000000ef780000)
  to   space 28160K, 0% used [0x00000000ec080000,0x00000000ec080000,0x00000000edc00000)
 ParOldGen       total 136192K, used 65035K [0x00000000a0000000, 0x00000000a8500000, 0x00000000e0000000)
  object space 136192K, 47% used [0x00000000a0000000,0x00000000a3f82d90,0x00000000a8500000)
 Metaspace       used 102506K, capacity 107018K, committed 108160K, reserved 1142784K
  class space    used 13265K, capacity 14206K, committed 14464K, reserved 1048576K
GC Heap History (10 events):
Event: 276.771 GC heap before
{Heap before GC invocations=20 (full 3):
 PSYoungGen      total 200704K, used 156821K [0x00000000e0000000, 0x00000000ee500000, 0x0000000100000000)
  eden space 180224K, 78% used [0x00000000e0000000,0x00000000e89b8268,0x00000000eb000000)
  from space 20480K, 77% used [0x00000000ed100000,0x00000000ee06d230,0x00000000ee500000)
  to   space 27136K, 0% used [0x00000000eb000000,0x00000000eb000000,0x00000000eca80000)
 ParOldGen       total 136192K, used 56145K [0x00000000a0000000, 0x00000000a8500000, 0x00000000e0000000)
  object space 136192K, 41% used [0x00000000a0000000,0x00000000a36d4628,0x00000000a8500000)
 Metaspace       used 93326K, capacity 98500K, committed 98560K, reserved 1134592K
  class space    used 12258K, capacity 13255K, committed 13312K, reserved 1048576K
Event: 276.796 GC heap after
Heap after GC invocations=20 (full 3):
 PSYoungGen      total 199168K, used 24291K [0x00000000e0000000, 0x00000000ee480000, 0x0000000100000000)
  eden space 174592K, 0% used [0x00000000e0000000,0x00000000e0000000,0x00000000eaa80000)
  from space 24576K, 98% used [0x00000000eb000000,0x00000000ec7b8d90,0x00000000ec800000)
  to   space 29184K, 0% used [0x00000000ec800000,0x00000000ec800000,0x00000000ee480000)
 ParOldGen       total 136192K, used 56153K [0x00000000a0000000, 0x00000000a8500000, 0x00000000e0000000)
  object space 136192K, 41% used [0x00000000a0000000,0x00000000a36d6628,0x00000000a8500000)
 Metaspace       used 93326K, capacity 98500K, committed 98560K, reserved 1134592K
  class space    used 12258K, capacity 13255K, committed 13312K, reserved 1048576K
}
Event: 276.796 GC heap before
{Heap before GC invocations=21 (full 4):
 PSYoungGen      total 199168K, used 24291K [0x00000000e0000000, 0x00000000ee480000, 0x0000000100000000)
  eden space 174592K, 0% used [0x00000000e0000000,0x00000000e0000000,0x00000000eaa80000)
  from space 24576K, 98% used [0x00000000eb000000,0x00000000ec7b8d90,0x00000000ec800000)
  to   space 29184K, 0% used [0x00000000ec800000,0x00000000ec800000,0x00000000ee480000)
 ParOldGen       total 136192K, used 56153K [0x00000000a0000000, 0x00000000a8500000, 0x00000000e0000000)
  object space 136192K, 41% used [0x00000000a0000000,0x00000000a36d6628,0x00000000a8500000)
 Metaspace       used 93326K, capacity 98500K, committed 98560K, reserved 1134592K
  class space    used 12258K, capacity 13255K, committed 13312K, reserved 1048576K
Event: 276.999 GC heap after
Heap after GC invocations=21 (full 4):
 PSYoungGen      total 199168K, used 0K [0x00000000e0000000, 0x00000000ee480000, 0x0000000100000000)
  eden space 174592K, 0% used [0x00000000e0000000,0x00000000e0000000,0x00000000eaa80000)
  from space 24576K, 0% used [0x00000000eb000000,0x00000000eb000000,0x00000000ec800000)
  to   space 29184K, 0% used [0x00000000ec800000,0x00000000ec800000,0x00000000ee480000)
 ParOldGen       total 136192K, used 65011K [0x00000000a0000000, 0x00000000a8500000, 0x00000000e0000000)
  object space 136192K, 47% used [0x00000000a0000000,0x00000000a3f7cd90,0x00000000a8500000)
 Metaspace       used 92873K, capacity 97196K, committed 98560K, reserved 1134592K
  class space    used 12108K, capacity 12995K, committed 13312K, reserved 1048576K
}
Event: 279.705 GC heap before
{Heap before GC invocations=22 (full 4):
 PSYoungGen      total 199168K, used 174592K [0x00000000e0000000, 0x00000000ee480000, 0x0000000100000000)
  eden space 174592K, 100% used [0x00000000e0000000,0x00000000eaa80000,0x00000000eaa80000)
  from space 24576K, 0% used [0x00000000eb000000,0x00000000eb000000,0x00000000ec800000)
  to   space 29184K, 0% used [0x00000000ec800000,0x00000000ec800000,0x00000000ee480000)
 ParOldGen       total 136192K, used 65011K [0x00000000a0000000, 0x00000000a8500000, 0x00000000e0000000)
  object space 136192K, 47% used [0x00000000a0000000,0x00000000a3f7cd90,0x00000000a8500000)
 Metaspace       used 95861K, capacity 100296K, committed 101504K, reserved 1136640K
  class space    used 12484K, capacity 13407K, committed 13696K, reserved 1048576K
Event: 279.717 GC heap after
Heap after GC invocations=22 (full 4):
 PSYoungGen      total 204800K, used 8508K [0x00000000e0000000, 0x00000000ef600000, 0x0000000100000000)
  eden space 175616K, 0% used [0x00000000e0000000,0x00000000e0000000,0x00000000eab80000)
  from space 29184K, 29% used [0x00000000ec800000,0x00000000ed04f2a8,0x00000000ee480000)
  to   space 29184K, 0% used [0x00000000eab80000,0x00000000eab80000,0x00000000ec800000)
 ParOldGen       total 136192K, used 65019K [0x00000000a0000000, 0x00000000a8500000, 0x00000000e0000000)
  object space 136192K, 47% used [0x00000000a0000000,0x00000000a3f7ed90,0x00000000a8500000)
 Metaspace       used 95861K, capacity 100296K, committed 101504K, reserved 1136640K
  class space    used 12484K, capacity 13407K, committed 13696K, reserved 1048576K
}
Event: 281.905 GC heap before
{Heap before GC invocations=23 (full 4):
 PSYoungGen      total 204800K, used 184124K [0x00000000e0000000, 0x00000000ef600000, 0x0000000100000000)
  eden space 175616K, 100% used [0x00000000e0000000,0x00000000eab80000,0x00000000eab80000)
  from space 29184K, 29% used [0x00000000ec800000,0x00000000ed04f2a8,0x00000000ee480000)
  to   space 29184K, 0% used [0x00000000eab80000,0x00000000eab80000,0x00000000ec800000)
 ParOldGen       total 136192K, used 65019K [0x00000000a0000000, 0x00000000a8500000, 0x00000000e0000000)
  object space 136192K, 47% used [0x00000000a0000000,0x00000000a3f7ed90,0x00000000a8500000)
 Metaspace       used 101188K, capacity 105634K, committed 106880K, reserved 1142784K
  class space    used 13151K, capacity 14116K, committed 14464K, reserved 1048576K
Event: 281.926 GC heap after
Heap after GC invocations=23 (full 4):
 PSYoungGen      total 204800K, used 9461K [0x00000000e0000000, 0x00000000ef780000, 0x0000000100000000)
  eden space 175616K, 0% used [0x00000000e0000000,0x00000000e0000000,0x00000000eab80000)
  from space 29184K, 32% used [0x00000000eab80000,0x00000000eb4bd688,0x00000000ec800000)
  to   space 28160K, 0% used [0x00000000edc00000,0x00000000edc00000,0x00000000ef780000)
 ParOldGen       total 136192K, used 65027K [0x00000000a0000000, 0x00000000a8500000, 0x00000000e0000000)
  object space 136192K, 47% used [0x00000000a0000000,0x00000000a3f80d90,0x00000000a8500000)
 Metaspace       used 101188K, capacity 105634K, committed 106880K, reserved 1142784K
  class space    used 13151K, capacity 14116K, committed 14464K, reserved 1048576K
}
Event: 283.399 GC heap before
{Heap before GC invocations=24 (full 4):
 PSYoungGen      total 204800K, used 185077K [0x00000000e0000000, 0x00000000ef780000, 0x0000000100000000)
  eden space 175616K, 100% used [0x00000000e0000000,0x00000000eab80000,0x00000000eab80000)
  from space 29184K, 32% used [0x00000000eab80000,0x00000000eb4bd688,0x00000000ec800000)
  to   space 28160K, 0% used [0x00000000edc00000,0x00000000edc00000,0x00000000ef780000)
 ParOldGen       total 136192K, used 65027K [0x00000000a0000000, 0x00000000a8500000, 0x00000000e0000000)
  object space 136192K, 47% used [0x00000000a0000000,0x00000000a3f80d90,0x00000000a8500000)
 Metaspace       used 102316K, capacity 106772K, committed 107904K, reserved 1142784K
  class space    used 13238K, capacity 14197K, committed 14464K, reserved 1048576K
Event: 283.420 GC heap after
Heap after GC invocations=24 (full 4):
 PSYoungGen      total 225280K, used 16288K [0x00000000e0000000, 0x00000000efb80000, 0x0000000100000000)
  eden space 197120K, 0% used [0x00000000e0000000,0x00000000e0000000,0x00000000ec080000)
  from space 28160K, 57% used [0x00000000edc00000,0x00000000eebe8278,0x00000000ef780000)
  to   space 28160K, 0% used [0x00000000ec080000,0x00000000ec080000,0x00000000edc00000)
 ParOldGen       total 136192K, used 65035K [0x00000000a0000000, 0x00000000a8500000, 0x00000000e0000000)
  object space 136192K, 47% used [0x00000000a0000000,0x00000000a3f82d90,0x00000000a8500000)
 Metaspace       used 102316K, capacity 106772K, committed 107904K, reserved 1142784K
  class space    used 13238K, capacity 14197K, committed 14464K, reserved 1048576K
}

