# JRE version: OpenJDK Runtime Environment (8.0_212-b04) (build 1.8.0_212-release-1586-b04)
# Java VM: OpenJDK 64-Bit Server VM (25.212-b04 mixed mode windows-amd64 compressed oops)
Heap:
 PSYoungGen      total 341504K, used 289650K [0x00000000e0000000, 0x00000000f9880000, 0x0000000100000000)
  eden space 317952K, 85% used [0x00000000e0000000,0x00000000f0a7ded0,0x00000000f3680000)
  from space 23552K, 71% used [0x00000000f3680000,0x00000000f46de948,0x00000000f4d80000)
  to   space 24576K, 0% used [0x00000000f8080000,0x00000000f8080000,0x00000000f9880000)
 ParOldGen       total 130560K, used 55720K [0x00000000a0000000, 0x00000000a7f80000, 0x00000000e0000000)
  object space 130560K, 42% used [0x00000000a0000000,0x00000000a366a208,0x00000000a7f80000)
 Metaspace       used 71800K, capacity 76008K, committed 76248K, reserved 1114112K
  class space    used 9866K, capacity 10663K, committed 10712K, reserved 1048576K
GC Heap History (10 events):
Event: 15.470 GC heap before
{Heap before GC invocations=18 (full 3):
 PSYoungGen      total 248320K, used 237101K [0x00000000e0000000, 0x00000000f0b00000, 0x0000000100000000)
  eden space 223744K, 100% used [0x00000000e0000000,0x00000000eda80000,0x00000000eda80000)
  from space 24576K, 54% used [0x00000000ef200000,0x00000000eff0b5d8,0x00000000f0a00000)
  to   space 24064K, 0% used [0x00000000eda80000,0x00000000eda80000,0x00000000ef200000)
 ParOldGen       total 130560K, used 55680K [0x00000000a0000000, 0x00000000a7f80000, 0x00000000e0000000)
  object space 130560K, 42% used [0x00000000a0000000,0x00000000a3660208,0x00000000a7f80000)
 Metaspace       used 69632K, capacity 73732K, committed 73816K, reserved 1112064K
  class space    used 9713K, capacity 10503K, committed 10584K, reserved 1048576K
Event: 15.486 GC heap after
Heap after GC invocations=18 (full 3):
 PSYoungGen      total 247808K, used 13393K [0x00000000e0000000, 0x00000000f3a80000, 0x0000000100000000)
  eden space 223744K, 0% used [0x00000000e0000000,0x00000000e0000000,0x00000000eda80000)
  from space 24064K, 55% used [0x00000000eda80000,0x00000000ee7945e8,0x00000000ef200000)
  to   space 23552K, 0% used [0x00000000f2380000,0x00000000f2380000,0x00000000f3a80000)
 ParOldGen       total 130560K, used 55688K [0x00000000a0000000, 0x00000000a7f80000, 0x00000000e0000000)
  object space 130560K, 42% used [0x00000000a0000000,0x00000000a3662208,0x00000000a7f80000)
 Metaspace       used 69632K, capacity 73732K, committed 73816K, reserved 1112064K
  class space    used 9713K, capacity 10503K, committed 10584K, reserved 1048576K
}
Event: 16.313 GC heap before
{Heap before GC invocations=19 (full 3):
 PSYoungGen      total 247808K, used 237137K [0x00000000e0000000, 0x00000000f3a80000, 0x0000000100000000)
  eden space 223744K, 100% used [0x00000000e0000000,0x00000000eda80000,0x00000000eda80000)
  from space 24064K, 55% used [0x00000000eda80000,0x00000000ee7945e8,0x00000000ef200000)
  to   space 23552K, 0% used [0x00000000f2380000,0x00000000f2380000,0x00000000f3a80000)
 ParOldGen       total 130560K, used 55688K [0x00000000a0000000, 0x00000000a7f80000, 0x00000000e0000000)
  object space 130560K, 42% used [0x00000000a0000000,0x00000000a3662208,0x00000000a7f80000)
 Metaspace       used 70214K, capacity 74338K, committed 74584K, reserved 1114112K
  class space    used 9752K, capacity 10562K, committed 10584K, reserved 1048576K
Event: 16.347 GC heap after
Heap after GC invocations=19 (full 3):
 PSYoungGen      total 298496K, used 14338K [0x00000000e0000000, 0x00000000f3e00000, 0x0000000100000000)
  eden space 274944K, 0% used [0x00000000e0000000,0x00000000e0000000,0x00000000f0c80000)
  from space 23552K, 60% used [0x00000000f2380000,0x00000000f3180ac8,0x00000000f3a80000)
  to   space 23552K, 0% used [0x00000000f0c80000,0x00000000f0c80000,0x00000000f2380000)
 ParOldGen       total 130560K, used 55696K [0x00000000a0000000, 0x00000000a7f80000, 0x00000000e0000000)
  object space 130560K, 42% used [0x00000000a0000000,0x00000000a3664208,0x00000000a7f80000)
 Metaspace       used 70214K, capacity 74338K, committed 74584K, reserved 1114112K
  class space    used 9752K, capacity 10562K, committed 10584K, reserved 1048576K
}
Event: 17.424 GC heap before
{Heap before GC invocations=20 (full 3):
 PSYoungGen      total 298496K, used 289282K [0x00000000e0000000, 0x00000000f3e00000, 0x0000000100000000)
  eden space 274944K, 100% used [0x00000000e0000000,0x00000000f0c80000,0x00000000f0c80000)
  from space 23552K, 60% used [0x00000000f2380000,0x00000000f3180ac8,0x00000000f3a80000)
  to   space 23552K, 0% used [0x00000000f0c80000,0x00000000f0c80000,0x00000000f2380000)
 ParOldGen       total 130560K, used 55696K [0x00000000a0000000, 0x00000000a7f80000, 0x00000000e0000000)
  object space 130560K, 42% used [0x00000000a0000000,0x00000000a3664208,0x00000000a7f80000)
 Metaspace       used 70585K, capacity 74728K, committed 74840K, reserved 1114112K
  class space    used 9767K, capacity 10567K, committed 10584K, reserved 1048576K
Event: 17.447 GC heap after
Heap after GC invocations=20 (full 3):
 PSYoungGen      total 298496K, used 13967K [0x00000000e0000000, 0x00000000f6480000, 0x0000000100000000)
  eden space 274944K, 0% used [0x00000000e0000000,0x00000000e0000000,0x00000000f0c80000)
  from space 23552K, 59% used [0x00000000f0c80000,0x00000000f1a23e90,0x00000000f2380000)
  to   space 23552K, 0% used [0x00000000f4d80000,0x00000000f4d80000,0x00000000f6480000)
 ParOldGen       total 130560K, used 55704K [0x00000000a0000000, 0x00000000a7f80000, 0x00000000e0000000)
  object space 130560K, 42% used [0x00000000a0000000,0x00000000a3666208,0x00000000a7f80000)
 Metaspace       used 70585K, capacity 74728K, committed 74840K, reserved 1114112K
  class space    used 9767K, capacity 10567K, committed 10584K, reserved 1048576K
}
Event: 18.470 GC heap before
{Heap before GC invocations=21 (full 3):
 PSYoungGen      total 298496K, used 288911K [0x00000000e0000000, 0x00000000f6480000, 0x0000000100000000)
  eden space 274944K, 100% used [0x00000000e0000000,0x00000000f0c80000,0x00000000f0c80000)
  from space 23552K, 59% used [0x00000000f0c80000,0x00000000f1a23e90,0x00000000f2380000)
  to   space 23552K, 0% used [0x00000000f4d80000,0x00000000f4d80000,0x00000000f6480000)
 ParOldGen       total 130560K, used 55704K [0x00000000a0000000, 0x00000000a7f80000, 0x00000000e0000000)
  object space 130560K, 42% used [0x00000000a0000000,0x00000000a3666208,0x00000000a7f80000)
 Metaspace       used 70652K, capacity 74804K, committed 74840K, reserved 1114112K
  class space    used 9768K, capacity 10567K, committed 10584K, reserved 1048576K
Event: 18.534 GC heap after
Heap after GC invocations=21 (full 3):
 PSYoungGen      total 341504K, used 15271K [0x00000000e0000000, 0x00000000f6a80000, 0x0000000100000000)
  eden space 317952K, 0% used [0x00000000e0000000,0x00000000e0000000,0x00000000f3680000)
  from space 23552K, 64% used [0x00000000f4d80000,0x00000000f5c69f60,0x00000000f6480000)
  to   space 23552K, 0% used [0x00000000f3680000,0x00000000f3680000,0x00000000f4d80000)
 ParOldGen       total 130560K, used 55712K [0x00000000a0000000, 0x00000000a7f80000, 0x00000000e0000000)
  object space 130560K, 42% used [0x00000000a0000000,0x00000000a3668208,0x00000000a7f80000)
 Metaspace       used 70652K, capacity 74804K, committed 74840K, reserved 1114112K
  class space    used 9768K, capacity 10567K, committed 10584K, reserved 1048576K
}
Event: 20.369 GC heap before
{Heap before GC invocations=22 (full 3):
 PSYoungGen      total 341504K, used 333223K [0x00000000e0000000, 0x00000000f6a80000, 0x0000000100000000)
  eden space 317952K, 100% used [0x00000000e0000000,0x00000000f3680000,0x00000000f3680000)
  from space 23552K, 64% used [0x00000000f4d80000,0x00000000f5c69f60,0x00000000f6480000)
  to   space 23552K, 0% used [0x00000000f3680000,0x00000000f3680000,0x00000000f4d80000)
 ParOldGen       total 130560K, used 55712K [0x00000000a0000000, 0x00000000a7f80000, 0x00000000e0000000)
  object space 130560K, 42% used [0x00000000a0000000,0x00000000a3668208,0x00000000a7f80000)
 Metaspace       used 70790K, capacity 74970K, committed 75224K, reserved 1114112K
  class space    used 9785K, capacity 10600K, committed 10712K, reserved 1048576K
Event: 20.389 GC heap after
Heap after GC invocations=22 (full 3):
 PSYoungGen      total 341504K, used 16762K [0x00000000e0000000, 0x00000000f9880000, 0x0000000100000000)
  eden space 317952K, 0% used [0x00000000e0000000,0x00000000e0000000,0x00000000f3680000)
  from space 23552K, 71% used [0x00000000f3680000,0x00000000f46de948,0x00000000f4d80000)
  to   space 24576K, 0% used [0x00000000f8080000,0x00000000f8080000,0x00000000f9880000)
 ParOldGen       total 130560K, used 55720K [0x00000000a0000000, 0x00000000a7f80000, 0x00000000e0000000)
  object space 130560K, 42% used [0x00000000a0000000,0x00000000a366a208,0x00000000a7f80000)
 Metaspace       used 70790K, capacity 74970K, committed 75224K, reserved 1114112K
  class space    used 9785K, capacity 10600K, committed 10712K, reserved 1048576K
}

