# JRE version: OpenJDK Runtime Environment (8.0_212-b04) (build 1.8.0_212-release-1586-b04)
# Java VM: OpenJDK 64-Bit Server VM (25.212-b04 mixed mode windows-amd64 compressed oops)
Heap:
 PSYoungGen      total 117248K, used 7780K [0x00000000e0000000, 0x00000000ea580000, 0x0000000100000000)
  eden space 105472K, 7% used [0x00000000e0000000,0x00000000e0799190,0x00000000e6700000)
  from space 11776K, 0% used [0x00000000e6700000,0x00000000e6700000,0x00000000e7280000)
  to   space 12288K, 0% used [0x00000000e9980000,0x00000000e9980000,0x00000000ea580000)
 ParOldGen       total 91136K, used 16966K [0x00000000a0000000, 0x00000000a5900000, 0x00000000e0000000)
  object space 91136K, 18% used [0x00000000a0000000,0x00000000a10918a0,0x00000000a5900000)
 Metaspace       used 34882K, capacity 35736K, committed 35840K, reserved 1079296K
  class space    used 4801K, capacity 5035K, committed 5120K, reserved 1048576K
GC Heap History (10 events):
Event: 4.003 GC heap before
{Heap before GC invocations=7 (full 1):
 PSYoungGen      total 74752K, used 9088K [0x00000000e0000000, 0x00000000e5600000, 0x0000000100000000)
  eden space 64512K, 0% used [0x00000000e0000000,0x00000000e0000000,0x00000000e3f00000)
  from space 10240K, 88% used [0x00000000e4a00000,0x00000000e52e02e0,0x00000000e5400000)
  to   space 11264K, 0% used [0x00000000e3f00000,0x00000000e3f00000,0x00000000e4a00000)
 ParOldGen       total 86016K, used 7580K [0x00000000a0000000, 0x00000000a5400000, 0x00000000e0000000)
  object space 86016K, 8% used [0x00000000a0000000,0x00000000a07670e8,0x00000000a5400000)
 Metaspace       used 20766K, capacity 21198K, committed 21296K, reserved 1067008K
  class space    used 2998K, capacity 3161K, committed 3200K, reserved 1048576K
Event: 4.032 GC heap after
Heap after GC invocations=7 (full 1):
 PSYoungGen      total 74752K, used 0K [0x00000000e0000000, 0x00000000e5600000, 0x0000000100000000)
  eden space 64512K, 0% used [0x00000000e0000000,0x00000000e0000000,0x00000000e3f00000)
  from space 10240K, 0% used [0x00000000e4a00000,0x00000000e4a00000,0x00000000e5400000)
  to   space 11264K, 0% used [0x00000000e3f00000,0x00000000e3f00000,0x00000000e4a00000)
 ParOldGen       total 58368K, used 9735K [0x00000000a0000000, 0x00000000a3900000, 0x00000000e0000000)
  object space 58368K, 16% used [0x00000000a0000000,0x00000000a0981ca0,0x00000000a3900000)
 Metaspace       used 20766K, capacity 21198K, committed 21296K, reserved 1067008K
  class space    used 2998K, capacity 3161K, committed 3200K, reserved 1048576K
}
Event: 4.815 GC heap before
{Heap before GC invocations=8 (full 1):
 PSYoungGen      total 74752K, used 64512K [0x00000000e0000000, 0x00000000e5600000, 0x0000000100000000)
  eden space 64512K, 100% used [0x00000000e0000000,0x00000000e3f00000,0x00000000e3f00000)
  from space 10240K, 0% used [0x00000000e4a00000,0x00000000e4a00000,0x00000000e5400000)
  to   space 11264K, 0% used [0x00000000e3f00000,0x00000000e3f00000,0x00000000e4a00000)
 ParOldGen       total 58368K, used 9735K [0x00000000a0000000, 0x00000000a3900000, 0x00000000e0000000)
  object space 58368K, 16% used [0x00000000a0000000,0x00000000a0981ca0,0x00000000a3900000)
 Metaspace       used 29147K, capacity 29700K, committed 30080K, reserved 1075200K
  class space    used 3927K, capacity 4131K, committed 4224K, reserved 1048576K
Event: 4.823 GC heap after
Heap after GC invocations=8 (full 1):
 PSYoungGen      total 75776K, used 8019K [0x00000000e0000000, 0x00000000e7e00000, 0x0000000100000000)
  eden space 64512K, 0% used [0x00000000e0000000,0x00000000e0000000,0x00000000e3f00000)
  from space 11264K, 71% used [0x00000000e3f00000,0x00000000e46d4f08,0x00000000e4a00000)
  to   space 11264K, 0% used [0x00000000e7300000,0x00000000e7300000,0x00000000e7e00000)
 ParOldGen       total 58368K, used 9743K [0x00000000a0000000, 0x00000000a3900000, 0x00000000e0000000)
  object space 58368K, 16% used [0x00000000a0000000,0x00000000a0983ca0,0x00000000a3900000)
 Metaspace       used 29147K, capacity 29700K, committed 30080K, reserved 1075200K
  class space    used 3927K, capacity 4131K, committed 4224K, reserved 1048576K
}
Event: 5.652 GC heap before
{Heap before GC invocations=9 (full 1):
 PSYoungGen      total 75776K, used 72531K [0x00000000e0000000, 0x00000000e7e00000, 0x0000000100000000)
  eden space 64512K, 100% used [0x00000000e0000000,0x00000000e3f00000,0x00000000e3f00000)
  from space 11264K, 71% used [0x00000000e3f00000,0x00000000e46d4f08,0x00000000e4a00000)
  to   space 11264K, 0% used [0x00000000e7300000,0x00000000e7300000,0x00000000e7e00000)
 ParOldGen       total 58368K, used 9743K [0x00000000a0000000, 0x00000000a3900000, 0x00000000e0000000)
  object space 58368K, 16% used [0x00000000a0000000,0x00000000a0983ca0,0x00000000a3900000)
 Metaspace       used 31957K, capacity 32520K, committed 32768K, reserved 1077248K
  class space    used 4376K, capacity 4559K, committed 4608K, reserved 1048576K
Event: 5.661 GC heap after
Heap after GC invocations=9 (full 1):
 PSYoungGen      total 116736K, used 8114K [0x00000000e0000000, 0x00000000e7e00000, 0x0000000100000000)
  eden space 105472K, 0% used [0x00000000e0000000,0x00000000e0000000,0x00000000e6700000)
  from space 11264K, 72% used [0x00000000e7300000,0x00000000e7aeca00,0x00000000e7e00000)
  to   space 11776K, 0% used [0x00000000e6700000,0x00000000e6700000,0x00000000e7280000)
 ParOldGen       total 58368K, used 9751K [0x00000000a0000000, 0x00000000a3900000, 0x00000000e0000000)
  object space 58368K, 16% used [0x00000000a0000000,0x00000000a0985ca0,0x00000000a3900000)
 Metaspace       used 31957K, capacity 32520K, committed 32768K, reserved 1077248K
  class space    used 4376K, capacity 4559K, committed 4608K, reserved 1048576K
}
Event: 7.138 GC heap before
{Heap before GC invocations=10 (full 1):
 PSYoungGen      total 116736K, used 74583K [0x00000000e0000000, 0x00000000e7e00000, 0x0000000100000000)
  eden space 105472K, 63% used [0x00000000e0000000,0x00000000e40e95d0,0x00000000e6700000)
  from space 11264K, 72% used [0x00000000e7300000,0x00000000e7aeca00,0x00000000e7e00000)
  to   space 11776K, 0% used [0x00000000e6700000,0x00000000e6700000,0x00000000e7280000)
 ParOldGen       total 58368K, used 9751K [0x00000000a0000000, 0x00000000a3900000, 0x00000000e0000000)
  object space 58368K, 16% used [0x00000000a0000000,0x00000000a0985ca0,0x00000000a3900000)
 Metaspace       used 34579K, capacity 35402K, committed 35456K, reserved 1079296K
  class space    used 4746K, capacity 4966K, committed 4992K, reserved 1048576K
Event: 7.152 GC heap after
Heap after GC invocations=10 (full 1):
 PSYoungGen      total 117248K, used 10022K [0x00000000e0000000, 0x00000000ea580000, 0x0000000100000000)
  eden space 105472K, 0% used [0x00000000e0000000,0x00000000e0000000,0x00000000e6700000)
  from space 11776K, 85% used [0x00000000e6700000,0x00000000e70c9a18,0x00000000e7280000)
  to   space 12288K, 0% used [0x00000000e9980000,0x00000000e9980000,0x00000000ea580000)
 ParOldGen       total 58368K, used 9759K [0x00000000a0000000, 0x00000000a3900000, 0x00000000e0000000)
  object space 58368K, 16% used [0x00000000a0000000,0x00000000a0987ca0,0x00000000a3900000)
 Metaspace       used 34579K, capacity 35402K, committed 35456K, reserved 1079296K
  class space    used 4746K, capacity 4966K, committed 4992K, reserved 1048576K
}
Event: 7.152 GC heap before
{Heap before GC invocations=11 (full 2):
 PSYoungGen      total 117248K, used 10022K [0x00000000e0000000, 0x00000000ea580000, 0x0000000100000000)
  eden space 105472K, 0% used [0x00000000e0000000,0x00000000e0000000,0x00000000e6700000)
  from space 11776K, 85% used [0x00000000e6700000,0x00000000e70c9a18,0x00000000e7280000)
  to   space 12288K, 0% used [0x00000000e9980000,0x00000000e9980000,0x00000000ea580000)
 ParOldGen       total 58368K, used 9759K [0x00000000a0000000, 0x00000000a3900000, 0x00000000e0000000)
  object space 58368K, 16% used [0x00000000a0000000,0x00000000a0987ca0,0x00000000a3900000)
 Metaspace       used 34579K, capacity 35402K, committed 35456K, reserved 1079296K
  class space    used 4746K, capacity 4966K, committed 4992K, reserved 1048576K
Event: 7.234 GC heap after
Heap after GC invocations=11 (full 2):
 PSYoungGen      total 117248K, used 0K [0x00000000e0000000, 0x00000000ea580000, 0x0000000100000000)
  eden space 105472K, 0% used [0x00000000e0000000,0x00000000e0000000,0x00000000e6700000)
  from space 11776K, 0% used [0x00000000e6700000,0x00000000e6700000,0x00000000e7280000)
  to   space 12288K, 0% used [0x00000000e9980000,0x00000000e9980000,0x00000000ea580000)
 ParOldGen       total 91136K, used 16966K [0x00000000a0000000, 0x00000000a5900000, 0x00000000e0000000)
  object space 91136K, 18% used [0x00000000a0000000,0x00000000a10918a0,0x00000000a5900000)
 Metaspace       used 34563K, capacity 35348K, committed 35456K, reserved 1079296K
  class space    used 4741K, capacity 4957K, committed 4992K, reserved 1048576K
}

